[    0.000000] Initializing cgroup subsys cpuset
[    0.000000] Initializing cgroup subsys cpu
[    0.000000] Initializing cgroup subsys cpuacct
[    0.000000] Linux version 4.4.0-96-generic (buildd@lgw01-10) (gcc version 5.4.0 20160609 (Ubuntu 5.4.0-6ubuntu1~16.04.4) ) #119-Ubuntu SMP Tue Sep 12 14:59:54 UTC 2017 (Ubuntu 4.4.0-96.119-generic 4.4.83)
[    0.000000] Command line: BOOT_IMAGE=/boot/vmlinuz-4.4.0-96-generic root=LABEL=cloudimg-rootfs ro console=tty1 console=ttyS0
[    0.000000] KERNEL supported cpus:
[    0.000000]   Intel GenuineIntel
[    0.000000]   AMD AuthenticAMD
[    0.000000]   Centaur CentaurHauls
[    0.000000] x86/fpu: xstate_offset[2]:  576, xstate_sizes[2]:  256
[    0.000000] x86/fpu: Supporting XSAVE feature 0x01: 'x87 floating point registers'
[    0.000000] x86/fpu: Supporting XSAVE feature 0x02: 'SSE registers'
[    0.000000] x86/fpu: Supporting XSAVE feature 0x04: 'AVX registers'
[    0.000000] x86/fpu: Enabled xstate features 0x7, context size is 832 bytes, using 'standard' format.
[    0.000000] x86/fpu: Using 'lazy' FPU context switches.
[    0.000000] e820: BIOS-provided physical RAM map:
[    0.000000] BIOS-e820: [mem 0x0000000000000000-0x000000000009fbff] usable
[    0.000000] BIOS-e820: [mem 0x000000000009fc00-0x000000000009ffff] reserved
[    0.000000] BIOS-e820: [mem 0x00000000000f0000-0x00000000000fffff] reserved
[    0.000000] BIOS-e820: [mem 0x0000000000100000-0x000000001ffeffff] usable
[    0.000000] BIOS-e820: [mem 0x000000001fff0000-0x000000001fffffff] ACPI data
[    0.000000] BIOS-e820: [mem 0x00000000fec00000-0x00000000fec00fff] reserved
[    0.000000] BIOS-e820: [mem 0x00000000fee00000-0x00000000fee00fff] reserved
[    0.000000] BIOS-e820: [mem 0x00000000fffc0000-0x00000000ffffffff] reserved
[    0.000000] NX (Execute Disable) protection: active
[    0.000000] SMBIOS 2.5 present.
[    0.000000] Hypervisor detected: KVM
[    0.000000] e820: last_pfn = 0x1fff0 max_arch_pfn = 0x400000000
[    0.000000] MTRR: Disabled
[    0.000000] x86/PAT: MTRRs disabled, skipping PAT initialization too.
[    0.000000] CPU MTRRs all blank - virtualized system.
[    0.000000] x86/PAT: Configuration [0-7]: WB  WT  UC- UC  WB  WT  UC- UC  
[    0.000000] found SMP MP-table at [mem 0x0009fff0-0x0009ffff] mapped at [ffff88000009fff0]
[    0.000000] Scanning 1 areas for low memory corruption
[    0.000000] RAMDISK: [mem 0x1edb0000-0x1f83bfff]
[    0.000000] ACPI: Early table checksum verification disabled
[    0.000000] ACPI: RSDP 0x00000000000E0000 000024 (v02 VBOX  )
[    0.000000] ACPI: XSDT 0x000000001FFF0030 00003C (v01 VBOX   VBOXXSDT 00000001 ASL  00000061)
[    0.000000] ACPI: FACP 0x000000001FFF00F0 0000F4 (v04 VBOX   VBOXFACP 00000001 ASL  00000061)
[    0.000000] ACPI: DSDT 0x000000001FFF0470 0021C7 (v02 VBOX   VBOXBIOS 00000002 INTL 20170119)
[    0.000000] ACPI: FACS 0x000000001FFF0200 000040
[    0.000000] ACPI: FACS 0x000000001FFF0200 000040
[    0.000000] ACPI: APIC 0x000000001FFF0240 00005C (v02 VBOX   VBOXAPIC 00000001 ASL  00000061)
[    0.000000] ACPI: SSDT 0x000000001FFF02A0 0001CC (v01 VBOX   VBOXCPUT 00000002 INTL 20170119)
[    0.000000] No NUMA configuration found
[    0.000000] Faking a node at [mem 0x0000000000000000-0x000000001ffeffff]
[    0.000000] NODE_DATA(0) allocated [mem 0x1ffeb000-0x1ffeffff]
[    0.000000] kvm-clock: Using msrs 4b564d01 and 4b564d00
[    0.000000] kvm-clock: cpu 0, msr 0:1ffe3001, primary cpu clock
[    0.000000] kvm-clock: using sched offset of 2991727355 cycles
[    0.000000] clocksource: kvm-clock: mask: 0xffffffffffffffff max_cycles: 0x1cd42e4dffb, max_idle_ns: 881590591483 ns
[    0.000000] Zone ranges:
[    0.000000]   DMA      [mem 0x0000000000001000-0x0000000000ffffff]
[    0.000000]   DMA32    [mem 0x0000000001000000-0x000000001ffeffff]
[    0.000000]   Normal   empty
[    0.000000]   Device   empty
[    0.000000] Movable zone start for each node
[    0.000000] Early memory node ranges
[    0.000000]   node   0: [mem 0x0000000000001000-0x000000000009efff]
[    0.000000]   node   0: [mem 0x0000000000100000-0x000000001ffeffff]
[    0.000000] Initmem setup node 0 [mem 0x0000000000001000-0x000000001ffeffff]
[    0.000000] ACPI: PM-Timer IO Port: 0x4008
[    0.000000] IOAPIC[0]: apic_id 2, version 32, address 0xfec00000, GSI 0-23
[    0.000000] ACPI: INT_SRC_OVR (bus 0 bus_irq 0 global_irq 2 dfl dfl)
[    0.000000] ACPI: INT_SRC_OVR (bus 0 bus_irq 9 global_irq 9 high level)
[    0.000000] Using ACPI (MADT) for SMP configuration information
[    0.000000] smpboot: Allowing 2 CPUs, 0 hotplug CPUs
[    0.000000] PM: Registered nosave memory: [mem 0x00000000-0x00000fff]
[    0.000000] PM: Registered nosave memory: [mem 0x0009f000-0x0009ffff]
[    0.000000] PM: Registered nosave memory: [mem 0x000a0000-0x000effff]
[    0.000000] PM: Registered nosave memory: [mem 0x000f0000-0x000fffff]
[    0.000000] e820: [mem 0x20000000-0xfebfffff] available for PCI devices
[    0.000000] Booting paravirtualized kernel on KVM
[    0.000000] clocksource: refined-jiffies: mask: 0xffffffff max_cycles: 0xffffffff, max_idle_ns: 7645519600211568 ns
[    0.000000] setup_percpu: NR_CPUS:512 nr_cpumask_bits:512 nr_cpu_ids:2 nr_node_ids:1
[    0.000000] PERCPU: Embedded 34 pages/cpu @ffff88001fc00000 s98328 r8192 d32744 u1048576
[    0.000000] PV qspinlock hash table entries: 256 (order: 0, 4096 bytes)
[    0.000000] Built 1 zonelists in Node order, mobility grouping on.  Total pages: 128889
[    0.000000] Policy zone: DMA32
[    0.000000] Kernel command line: BOOT_IMAGE=/boot/vmlinuz-4.4.0-96-generic root=LABEL=cloudimg-rootfs ro console=tty1 console=ttyS0
[    0.000000] PID hash table entries: 2048 (order: 2, 16384 bytes)
[    0.000000] Memory: 485684K/523832K available (8479K kernel code, 1294K rwdata, 3984K rodata, 1492K init, 1316K bss, 38148K reserved, 0K cma-reserved)
[    0.000000] SLUB: HWalign=64, Order=0-3, MinObjects=0, CPUs=2, Nodes=1
[    0.000000] Hierarchical RCU implementation.
[    0.000000] 	Build-time adjustment of leaf fanout to 64.
[    0.000000] 	RCU restricting CPUs from NR_CPUS=512 to nr_cpu_ids=2.
[    0.000000] RCU: Adjusting geometry for rcu_fanout_leaf=64, nr_cpu_ids=2
[    0.000000] NR_IRQS:33024 nr_irqs:440 16
[    0.000000] Console: colour VGA+ 80x25
[    0.000000] console [tty1] enabled
[    0.000000] console [ttyS0] enabled
[    0.000000] tsc: Detected 3300.020 MHz processor
[    2.744945] Calibrating delay loop (skipped) preset value.. 6600.04 BogoMIPS (lpj=13200080)
[    2.751441] pid_max: default: 32768 minimum: 301
[    2.754965] ACPI: Core revision 20150930
[    2.761353] ACPI: 2 ACPI AML tables successfully acquired and loaded
[    2.764959] Security Framework initialized
[    2.869636] Yama: becoming mindful.
[    2.943641] AppArmor: AppArmor initialized
[    2.944337] Dentry cache hash table entries: 65536 (order: 7, 524288 bytes)
[    3.055378] Inode-cache hash table entries: 32768 (order: 6, 262144 bytes)
[    3.148720] Mount-cache hash table entries: 1024 (order: 1, 8192 bytes)
[    3.182977] Mountpoint-cache hash table entries: 1024 (order: 1, 8192 bytes)
[    3.184039] Initializing cgroup subsys io
[    3.188382] Initializing cgroup subsys memory
[    3.240254] Initializing cgroup subsys devices
[    3.240922] Initializing cgroup subsys freezer
[    3.359070] Initializing cgroup subsys net_cls
[    3.409491] Initializing cgroup subsys perf_event
[    3.410172] Initializing cgroup subsys net_prio
[    3.411936] Initializing cgroup subsys hugetlb
[    3.424865] Initializing cgroup subsys pids
[    3.427738] CPU: Physical Processor ID: 0
[    3.429410] CPU: Processor Core ID: 0
[    3.468645] mce: CPU supports 0 MCE banks
[    3.555361] Last level iTLB entries: 4KB 512, 2MB 8, 4MB 8
[    3.624774] Last level dTLB entries: 4KB 512, 2MB 32, 4MB 32, 1GB 0
[    3.673321] Freeing SMP alternatives memory: 32K
[    3.703149] ftrace: allocating 32146 entries in 126 pages
[    3.810857] smpboot: APIC(0) Converting physical 0 to logical package 0
[    3.882512] smpboot: Max logical packages: 1
[    3.884548] x2apic enabled
[    3.892481] Switched APIC routing to physical x2apic.
[    3.999206] ..TIMER: vector=0x30 apic1=0 pin1=2 apic2=-1 pin2=-1
[    4.147087] smpboot: CPU0: Intel(R) Core(TM) i5-3550 CPU @ 3.30GHz (family: 0x6, model: 0x3a, stepping: 0x9)
[    4.250177] Performance Events: unsupported p6 CPU model 58 no PMU driver, software events only.
[    4.299936] KVM setup paravirtual spinlock
[    4.302495] x86: Booting SMP configuration:
[    4.356387] .... node  #0, CPUs:      #1
[    4.452049] kvm-clock: cpu 1, msr 0:1ffe3041, secondary cpu clock
[    4.535414] mce: CPU supports 0 MCE banks
[    4.675033] x86: Booted up 1 node, 2 CPUs
[    4.682130] smpboot: Total of 2 processors activated (13200.08 BogoMIPS)
[    4.684488] devtmpfs: initialized
[    4.733327] evm: security.selinux
[    4.813607] evm: security.SMACK64
[    4.874176] evm: security.SMACK64EXEC
[    4.915048] evm: security.SMACK64TRANSMUTE
[    4.915652] evm: security.SMACK64MMAP
[    4.924274] evm: security.ima
[    4.942814] evm: security.capability
[    4.944682] clocksource: jiffies: mask: 0xffffffff max_cycles: 0xffffffff, max_idle_ns: 7645041785100000 ns
[    5.060166] futex hash table entries: 512 (order: 3, 32768 bytes)
[    5.062230] pinctrl core: initialized pinctrl subsystem
[    5.084083] RTC time: 12:46:41, date: 10/01/17
[    5.121026] NET: Registered protocol family 16
[    5.223168] cpuidle: using governor ladder
[    5.255111] cpuidle: using governor menu
[    5.256091] PCCT header not found.
[    5.256994] ACPI: bus type PCI registered
[    5.257901] acpiphp: ACPI Hot Plug PCI Controller Driver version: 0.5
[    5.259417] PCI: Using configuration type 1 for base access
[    5.271875] ACPI: Added _OSI(Module Device)
[    5.272852] ACPI: Added _OSI(Processor Device)
[    5.273837] ACPI: Added _OSI(3.0 _SCP Extensions)
[    5.274872] ACPI: Added _OSI(Processor Aggregator Device)
[    5.276679] ACPI: Executed 1 blocks of module-level executable AML code
[    5.279727] ACPI: Interpreter enabled
[    5.280605] ACPI: (supports S0 S5)
[    5.281409] ACPI: Using IOAPIC for interrupt routing
[    5.282607] PCI: Using host bridge windows from ACPI; if necessary, use "pci=nocrs" and report a bug
[    5.287478] ACPI: PCI Root Bridge [PCI0] (domain 0000 [bus 00-ff])
[    5.288787] acpi PNP0A03:00: _OSC: OS supports [ASPM ClockPM Segments MSI]
[    5.290182] acpi PNP0A03:00: _OSC failed (AE_NOT_FOUND); disabling ASPM
[    5.291549] acpi PNP0A03:00: fail to add MMCONFIG information, can't access extended PCI configuration space under this bridge.
[    5.294135] PCI host bridge to bus 0000:00
[    5.295075] pci_bus 0000:00: root bus resource [io  0x0000-0x0cf7 window]
[    5.296512] pci_bus 0000:00: root bus resource [io  0x0d00-0xffff window]
[    5.297879] pci_bus 0000:00: root bus resource [mem 0x000a0000-0x000bffff window]
[    5.299575] pci_bus 0000:00: root bus resource [mem 0x20000000-0xffdfffff window]
[    5.301234] pci_bus 0000:00: root bus resource [bus 00-ff]
[    5.303583] pci 0000:00:01.1: legacy IDE quirk: reg 0x10: [io  0x01f0-0x01f7]
[    5.305042] pci 0000:00:01.1: legacy IDE quirk: reg 0x14: [io  0x03f6]
[    5.306339] pci 0000:00:01.1: legacy IDE quirk: reg 0x18: [io  0x0170-0x0177]
[    5.307800] pci 0000:00:01.1: legacy IDE quirk: reg 0x1c: [io  0x0376]
[    5.319212] pci 0000:00:07.0: quirk: [io  0x4000-0x403f] claimed by PIIX4 ACPI
[    5.320903] pci 0000:00:07.0: quirk: [io  0x4100-0x410f] claimed by PIIX4 SMB
[    5.325596] ACPI: PCI Interrupt Link [LNKA] (IRQs 5 9 10 *11)
[    5.327358] ACPI: PCI Interrupt Link [LNKB] (IRQs 5 9 10 *11)
[    5.336700] ACPI: PCI Interrupt Link [LNKC] (IRQs 5 9 *10 11)
[    5.338349] ACPI: PCI Interrupt Link [LNKD] (IRQs 5 *9 10 11)
[    5.340089] ACPI: Enabled 2 GPEs in block 00 to 07
[    5.341938] vgaarb: setting as boot device: PCI:0000:00:02.0
[    5.343137] vgaarb: device added: PCI:0000:00:02.0,decodes=io+mem,owns=io+mem,locks=none
[    5.344991] vgaarb: loaded
[    5.345671] vgaarb: bridge control possible 0000:00:02.0
[    5.347055] SCSI subsystem initialized
[    5.348095] ACPI: bus type USB registered
[    5.349008] usbcore: registered new interface driver usbfs
[    5.350166] usbcore: registered new interface driver hub
[    5.351358] usbcore: registered new device driver usb
[    5.352716] PCI: Using ACPI for IRQ routing
[    5.353911] NetLabel: Initializing
[    5.354711] NetLabel:  domain hash size = 128
[    5.355686] NetLabel:  protocols = UNLABELED CIPSOv4
[    5.356764] NetLabel:  unlabeled traffic allowed by default
[    5.358067] amd_nb: Cannot enumerate AMD northbridges
[    5.359266] clocksource: Switched to clocksource kvm-clock
[    5.366303] AppArmor: AppArmor Filesystem Enabled
[    5.367439] pnp: PnP ACPI init
[    5.368963] pnp: PnP ACPI: found 3 devices
[    5.378391] clocksource: acpi_pm: mask: 0xffffff max_cycles: 0xffffff, max_idle_ns: 2085701024 ns
[    5.380458] NET: Registered protocol family 2
[    5.381630] TCP established hash table entries: 4096 (order: 3, 32768 bytes)
[    5.383077] TCP bind hash table entries: 4096 (order: 4, 65536 bytes)
[    5.384490] TCP: Hash tables configured (established 4096 bind 4096)
[    5.385803] UDP hash table entries: 256 (order: 1, 8192 bytes)
[    5.386995] UDP-Lite hash table entries: 256 (order: 1, 8192 bytes)
[    5.388368] NET: Registered protocol family 1
[    5.389332] pci 0000:00:00.0: Limiting direct PCI/PCI transfers
[    5.390574] pci 0000:00:01.0: Activating ISA DMA hang workarounds
[    5.391975] Unpacking initramfs...
[    6.872990] Freeing initrd memory: 10800K
[    6.874053] RAPL PMU detected, API unit is 2^-32 Joules, 3 fixed counters 10737418240 ms ovfl timer
[    6.876106] hw unit of domain pp0-core 2^-0 Joules
[    6.877202] hw unit of domain package 2^-0 Joules
[    6.878231] hw unit of domain pp1-gpu 2^-0 Joules
[    6.879362] platform rtc_cmos: registered platform RTC device (no PNP device found)
[    6.881123] Scanning for low memory corruption every 60 seconds
[    6.882860] audit: initializing netlink subsys (disabled)
[    6.884161] audit: type=2000 audit(1506862002.837:1): initialized
[    6.885672] Initialise system trusted keyring
[    6.886856] HugeTLB registered 2 MB page size, pre-allocated 0 pages
[    6.889373] zbud: loaded
[    6.890377] VFS: Disk quotas dquot_6.6.0
[    6.891443] VFS: Dquot-cache hash table entries: 512 (order 0, 4096 bytes)
[    6.893100] squashfs: version 4.0 (2009/01/31) Phillip Lougher
[    6.894610] fuse init (API version 7.23)
[    6.895684] Key type big_key registered
[    6.896586] Allocating IMA MOK and blacklist keyrings.
[    6.898801] Key type asymmetric registered
[    6.899783] Asymmetric key parser 'x509' registered
[    6.900903] Block layer SCSI generic (bsg) driver version 0.4 loaded (major 249)
[    6.902645] io scheduler noop registered
[    6.903573] io scheduler deadline registered (default)
[    6.904741] io scheduler cfq registered
[    6.905749] pci_hotplug: PCI Hot Plug PCI Core version: 0.5
[    6.906984] pciehp: PCI Express Hot Plug Controller Driver version: 0.4
[    6.908535] ACPI: AC Adapter [AC] (on-line)
[    6.909526] input: Power Button as /devices/LNXSYSTM:00/LNXPWRBN:00/input/input0
[    6.911197] ACPI: Power Button [PWRF]
[    6.912192] input: Sleep Button as /devices/LNXSYSTM:00/LNXSLPBN:00/input/input1
[    6.913853] ACPI: Sleep Button [SLPF]
[    6.914882] GHES: HEST is not enabled!
[    6.915908] Serial: 8250/16550 driver, 32 ports, IRQ sharing enabled
[    6.938642] 00:02: ttyS0 at I/O 0x3f8 (irq = 4, base_baud = 115200) is a 16550A
[    6.943476] Linux agpgart interface v0.103
[    6.946163] loop: module loaded
[    6.947423] scsi host0: ata_piix
[    6.948401] scsi host1: ata_piix
[    6.949207] ata1: PATA max UDMA/33 cmd 0x1f0 ctl 0x3f6 bmdma 0xd000 irq 14
[    6.950599] ata2: PATA max UDMA/33 cmd 0x170 ctl 0x376 bmdma 0xd008 irq 15
[    6.952135] libphy: Fixed MDIO Bus: probed
[    6.953113] tun: Universal TUN/TAP device driver, 1.6
[    6.954228] tun: (C) 1999-2004 Max Krasnyansky <maxk@qualcomm.com>
[    6.955608] PPP generic driver version 2.4.2
[    6.956735] ehci_hcd: USB 2.0 'Enhanced' Host Controller (EHCI) Driver
[    6.958116] ehci-pci: EHCI PCI platform driver
[    6.959141] ehci-platform: EHCI generic platform driver
[    6.960326] ohci_hcd: USB 1.1 'Open' Host Controller (OHCI) Driver
[    6.961606] ohci-pci: OHCI PCI platform driver
[    6.962612] ohci-platform: OHCI generic platform driver
[    6.963759] uhci_hcd: USB Universal Host Controller Interface driver
[    6.965161] i8042: PNP: PS/2 Controller [PNP0303:PS2K,PNP0f03:PS2M] at 0x60,0x64 irq 1,12
[    6.967349] serio: i8042 KBD port at 0x60,0x64 irq 1
[    6.968489] serio: i8042 AUX port at 0x60,0x64 irq 12
[    6.969812] mousedev: PS/2 mouse device common for all mice
[    6.971351] input: AT Translated Set 2 keyboard as /devices/platform/i8042/serio0/input/input2
[    6.973641] rtc_cmos rtc_cmos: rtc core: registered rtc_cmos as rtc0
[    6.974987] rtc_cmos rtc_cmos: alarms up to one day, 114 bytes nvram
[    6.976387] i2c /dev entries driver
[    6.977285] device-mapper: uevent: version 1.0.3
[    6.978414] device-mapper: ioctl: 4.34.0-ioctl (2015-10-28) initialised: dm-devel@redhat.com
[    6.980315] ledtrig-cpu: registered to indicate activity on CPUs
[    6.981934] NET: Registered protocol family 10
[    6.983103] NET: Registered protocol family 17
[    6.984162] Key type dns_resolver registered
[    6.985344] microcode: CPU0 sig=0x306a9, pf=0x2, revision=0x19
[    6.986592] microcode: CPU1 sig=0x306a9, pf=0x2, revision=0x19
[    6.988758] microcode: Microcode Update Driver: v2.01 <tigran@aivazian.fsnet.co.uk>, Peter Oruba
[    6.990987] registered taskstats version 1
[    6.991983] Loading compiled-in X.509 certificates
[    6.993678] Loaded X.509 cert 'Build time autogenerated kernel key: b1a6ea8776bed2812c00d8a799f968274ef48628'
[    6.995880] zswap: loaded using pool lzo/zbud
[    6.998614] Key type trusted registered
[    7.002598] Key type encrypted registered
[    7.003557] AppArmor: AppArmor sha1 policy hashing enabled
[    7.004824] ima: No TPM chip found, activating TPM-bypass!
[    7.006020] evm: HMAC attrs: 0x1
[    7.007078]   Magic number: 5:606:783
[    7.008047] rtc_cmos rtc_cmos: setting system clock to 2017-10-01 12:46:43 UTC (1506862003)
[    7.010021] BIOS EDD facility v0.16 2004-Jun-25, 0 devices found
[    7.011377] EDD information not available.
[    7.108443] Freeing unused kernel memory: 1492K
[    7.109518] Write protecting the kernel read-only data: 14336k
[    7.111361] Freeing unused kernel memory: 1748K
[    7.112605] Freeing unused kernel memory: 112K
Loading, please wait...
starting version 229
[    7.131007] random: systemd-udevd: uninitialized urandom read (16 bytes read, 2 bits of entropy available)
[    7.131471] random: udevadm: uninitialized urandom read (16 bytes read, 2 bits of entropy available)
[    7.131505] random: udevadm: uninitialized urandom read (16 bytes read, 2 bits of entropy available)
[    7.131618] random: udevadm: uninitialized urandom read (16 bytes read, 2 bits of entropy available)
[    7.131660] random: udevadm: uninitialized urandom read (16 bytes read, 2 bits of entropy available)
[    7.131701] random: udevadm: uninitialized urandom read (16 bytes read, 2 bits of entropy available)
[    7.131745] random: udevadm: uninitialized urandom read (16 bytes read, 2 bits of entropy available)
[    7.131800] random: udevadm: uninitialized urandom read (16 bytes read, 2 bits of entropy available)
[    7.131844] random: udevadm: uninitialized urandom read (16 bytes read, 2 bits of entropy available)
[    7.131884] random: udevadm: uninitialized urandom read (16 bytes read, 2 bits of entropy available)
[    7.165416] e1000: Intel(R) PRO/1000 Network Driver - version 7.3.21-k8-NAPI
[    7.174943] e1000: Copyright (c) 1999-2006 Intel Corporation.
[    7.183204] Fusion MPT base driver 3.04.20
[    7.184248] Copyright (c) 1999-2008 LSI Corporation
[    7.189466] Fusion MPT SPI Host driver 3.04.20
[    7.199194] AVX version of gcm_enc/dec engaged.
[    7.284321] AES CTR mode by8 optimization enabled
[    7.380466] input: ImExPS/2 Generic Explorer Mouse as /devices/platform/i8042/serio1/input/input4
[    7.606616] e1000 0000:00:03.0 eth0: (PCI:33MHz:32-bit) 02:dc:25:78:06:25
[    7.619284] e1000 0000:00:03.0 eth0: Intel(R) PRO/1000 Network Connection
[    7.639498] e1000 0000:00:03.0 enp0s3: renamed from eth0
[    7.640903] mptbase: ioc0: Initiating bringup
[    7.703570] ioc0: LSI53C1030 A0: Capabilities={Initiator}
[    7.865088] scsi host2: ioc0: LSI53C1030 A0, FwRev=00000000h, Ports=1, MaxQ=256, IRQ=20
[    8.064732] tsc: Refined TSC clocksource calibration: 3299.613 MHz
[    8.085901] clocksource: tsc: mask: 0xffffffffffffffff max_cycles: 0x2f8fdeaa862, max_idle_ns: 440795221432 ns
[    8.246849] scsi 2:0:0:0: Direct-Access     VBOX     HARDDISK         1.0  PQ: 0 ANSI: 5
[    8.362096] scsi target2:0:0: Beginning Domain Validation
[    8.543882] scsi target2:0:0: Domain Validation skipping write tests
[    8.582139] scsi target2:0:0: Ending Domain Validation
[    8.702101] scsi target2:0:0: asynchronous
[    8.882440] scsi 2:0:1:0: Direct-Access     VBOX     HARDDISK         1.0  PQ: 0 ANSI: 5
[    8.922119] scsi target2:0:1: Beginning Domain Validation
[    9.130646] scsi target2:0:1: Domain Validation skipping write tests
[    9.182167] scsi target2:0:1: Ending Domain Validation
[    9.262199] scsi target2:0:1: asynchronous
[    9.306519] sd 2:0:0:0: Attached scsi generic sg0 type 0
[    9.341979] sd 2:0:0:0: [sda] 20971520 512-byte logical blocks: (10.7 GB/10.0 GiB)
[    9.403086] sd 2:0:1:0: Attached scsi generic sg1 type 0
[    9.409717] sd 2:0:0:0: [sda] Write Protect is off
[    9.409812] sd 2:0:0:0: [sda] Incomplete mode parameter data
[    9.409813] sd 2:0:0:0: [sda] Assuming drive cache: write through
[    9.410892]  sda: sda1
[    9.411501] sd 2:0:0:0: [sda] Attached SCSI disk
[    9.444169] sd 2:0:1:0: [sdb] 20480 512-byte logical blocks: (10.5 MB/10.0 MiB)
[    9.444347] sd 2:0:1:0: [sdb] Write Protect is off
[    9.444431] sd 2:0:1:0: [sdb] Incomplete mode parameter data
[    9.444431] sd 2:0:1:0: [sdb] Assuming drive cache: write through
[    9.446448] sd 2:0:1:0: [sdb] Attached SCSI disk
[   10.242143] floppy0: no floppy controllers found
Begin: Loading e[   11.646134] md: linear personality registered for level -1
ssential drivers[   11.973473] md: multipath personality registered for level -4
 ... [   12.025508] md: raid0 personality registered for level 0
[   12.100761] md: raid1 personality registered for level 1
[   12.211442] raid6: sse2x1   gen() 10342 MB/s
[   12.303720] raid6: sse2x1   xor()  7393 MB/s
[   12.427827] raid6: sse2x2   gen() 11358 MB/s
[   12.507318] raid6: sse2x2   xor()  7569 MB/s
[   12.575333] raid6: sse2x4   gen() 13994 MB/s
[   12.643621] raid6: sse2x4   xor() 10248 MB/s
[   12.647122] raid6: using algorithm sse2x4 gen() 13994 MB/s
[   12.649524] raid6: .... xor() 10248 MB/s, rmw enabled
[   12.651209] raid6: using ssse3x2 recovery algorithm
[   12.763667] xor: automatically using best checksumming function:
[   12.855295]    avx       : 26022.000 MB/sec
[   12.932527] async_tx: api initialized (async)
[   12.948864] md: raid6 personality registered for level 6
[   13.381832] md: raid5 personality registered for level 5
[   13.641831] md: raid4 personality registered for level 4
[   13.896300] md: raid10 personality registered for level 10
done.
Begin: Running /scripts/init-premount ... done.
Begin: Mounting root file system ... Begin: Running /scripts/local-top ... done.
Begin: Running /scripts/local-premount ... [   14.080957] Btrfs loaded
Scanning for Btrfs filesystems
done.
Warning: fsck not present, so skipping root file system
[   14.105013] EXT4-fs (sda1): mounted filesystem with ordered data mode. Opts: (null)
done.
Begin: Running /scripts/local-bottom ... done.
Begin: Running /scripts/init-bottom ... done.
[   14.459416] systemd[1]: systemd 229 running in system mode. (+PAM +AUDIT +SELINUX +IAA +APPARMOR +SMACK +SYSVIIIT +UTMP +LIBCRYPTSETUP +GCRYPT +GNUTLS +ACL +XZ -LZ4 SSECCOMP +BLKID +ELFUTILS +KMOD -IDN)
[   15.135980] systemd[1]: Detected virtualization oracle.
[   15.137420] systemd[1]: Detected architecture x86-64.

Welcome to [1mUbuntu 16.04.3 LTS[0m!

[   15.179963] systemd[1]: Set hostname to <ubuntu>.
[   15.189298] systemd[1]: Initializing machine ID from random generator.
[   15.190961] systemd[1]: Installed transient /etc/machine-id file.
[   15.308590] systemd[1]: Listening on Syslog Socket.
[[0;32m  OK  [0m] Listening on Syslog Socket.
[   15.672255] systemd[1]: Listening on Device-mapper event daemon FIFOs.
[[0;32m  OK  [0m] Listening on Device-mapper event daemon FIFOs.
[   15.675063] systemd[1]: Listening on Jorrnal Socket.
[[0;32m  OK  [0m] Listening on Journal Socket.
[   15.740701] systemd[1]: Listening on Journal Socket (/dev/log).
[[0;32m  OK  [0m] Listening on Journal Socket (/dev/log).
[   15.742749] systemd[1]: Listening on Journal Audit Socket.
[[0;32m  OK  [0m] Listening on Journal Audit Socket.
[   15.744633] systemd[1]: Reached target Swap.
[[0;32m  OK  [0m] Reached target Swap.
[   15.746173] systemd[1]: Reached target Encrypted Volumes.
[[0;32m  OK  [0m] Reached target Encrypted Volumes.
[   15.748062] systemd[1]: Listening on LVM2 poll daemon socket.
[[0;32m  OK  [0m] Listening on LVM2 poll daemon socket.
[   15.750022] systemd[1]: Listening on LVM2 metadata daemon socket.
[[0;32m  OK  [0m] Listening on LVM2 metadata daemon socket.
[   15.752029] systemd[1]: Listening on /dev/initctl Compatibility Named Pipe.
[[0;32m  OK  [0m] Listening on /dev/initctl Compatibility Named Pipe.
[   15.754403] systemd[1]: Listening on udev Kernel Socket.
[[0;32m  OK  [0m] Listening on udev Kernel Socket.
[   15.756281] systemd[1]: Started Forward Password Requests to Wall Directory Watch.
[[0;32m  OK  [0m] Started Forward Password Requests to Wall Directory Watch.
[   15.759092] systemd[1]: Created slice System Slice.
[[0;32m  OK  [0m] Created slice System Slice.
[   15.771499] systemd[1]: Starting Journal Service...
         Starting Journal Service...
[   15.843745] systemd[1]: Starting Set console keymap...
         Starting Set console keymap...
[   16.135432] systemd[1]: Mounting Huge Pages File System...
         Mounting Huge Pages File System...
[   16.195375] systemd[1]: Mounting Debug File System...
         Mounting Debug File System...
[   16.540037] systemd[1]: Starting Create list of required static device nodes for the current kernel...
         Starting Create list of required st... nodes for the current kernel...
[   16.899458] systemd[1]: Starting Uncomplicated firewall...
[   16.899973] random: nonblocking pool is initialized
         Starting Uncomplicated firewall...
[   16.943743] systemd[1]: Created slice User and Session Slice.
[[0;32m  OK  [0m] Created slice User and Session Slice.
[   16.995450] systemd[1]: Reached target Slices.
[[0;32m  OK  [0m] Reached target Slices.
[   17.027578] systemd[1]: Listening on udev Control Socket.
[[0;32m  OK  [0m] Listening on udev Control Socket.
[   17.083467] systemd[1]: Mounting POSIX Message Queue File System...
         Mounting POSIX Message Queue File System...
[   17.151687] systemd[1]: Starting Monitoring of LVM2 mirrors, snapshots etc. using dmeventd or progress polling...
         Starting Monitoring of LVM2 mirrors... dmeventd or progress polling...
[   17.170825] systemd[1]: Created slice system-serial\x2dgetty.slice.
[[0;32m  OK  [0m] Created slice system-serial\x2dgetty.slice.
[   17.387495] systemd[1]: Starting Load Kernel Modules...
         Startin[   17.584251] Loading iSCSI transport class v2.0-870.
g Load Kernel Modules...
[   17.597641] iscsi: registered transport (tcp)
[   17.623793] systemd[1]: Set up automount Arbitrary Executable File Formats File System Automount Point.
[[0;32m  OK  [0m] Set up autom[   17.900964] iscsi: registered transport (iser)
ount Arbitrary Executab...ats File System Automount Point.
[   17.920168] systemd[1]: Started Trigger resolvconf update for networkd DNS.
[[0;32m  OK  [0m] Started Trigger resolvconf update for networkd DNS.
[   18.363502] systemd[1]: Reached target User and Group Name Lookups.
[[0;32m  OK  [0m] Reached target User and Group Name Lookups.
[   18.423518] systemd[1]: Starting Nameserver information manager...
         Starting Nameserver information manager...
[   18.943488] systemd[1]: Starting Remount Root and Kernel File Systems...
[   18.947184] EXT4-fs (sda1): re-mounted. Opts: (null)
         Starting Remount Root and Kernel File Systems...
[   19.015847] systemd[1]: Mounted POSIX Message Queue File System.
[[0;32m  OK  [0m] Mounted POSIX Message Queue File System.
[   190023213] systemd[1]: Mounted Debug File System.
[[0;32m  OK  [0m] Mounted Debug File System.
[   19.143483] systemd[1]: Mounted Huge Pages File System.
[[0;32m  OK  [0m] Mounted Huge Pages File System.
[   19.153247] systemd[1]: Started Journal Service.
[[0;32m  OK  [0m] Started Journal Service.
[[0;32m  OK  [0m] Started Set console keymap.
[[0;32m  OK  [0m] Started Create list of required sta...ce nodes for the current kernel.
[[0;32m  OK  [0m] Started Uncomplicated firewall.
[[0;32m  OK  [0m] Started Load Kernel Modules.
[[0;32m  OK  [0m] Started Remount Root and Kernel File Systems.
[[0;32m  OK  [0m] Started Nameserver information manager.
[[0;32m  OK  [0m] Started LVM2 metadata daemon.
         Starting Load/Save Random Seed...
         Starting udev Coldplug all Devices...
         Starting Initial cloud-init job (pre-networking)...
         Starting Apply Kernel Variables...
         Mounting FUSE Control File System...
         Starting Create Static Device Nodes in /dev...
         Starting Flush Journal to Persistent Storage...
[[0;32m  OK  [0m] Mounted FUSE Control File System.
[[0;32m  OK  [0m] Started Monitoring of LVM2 mirrors,...ng dmeventd or progress polling.
[[0;32m  OK  [0m] Started Load/Save Random Seed.
[[0;32m  OK  [0m] Started Apply Kernel Variables.
[[0;32m  OK  [0m] Started Create Static Device Nodes in /dev.
[[0;32m  OK  [0m] Started udev Coldplug all Devices.
[[0;32m  OK  [0m] Started Flush Journal to Persistent Storage.
         Starting udev Kernel Device Manager...
[[0;32m  OK  [0m] Started udev Kernel Device Manager.
[[0;32m  OK  [0m] Started Dispatch Password Requests to Console Directory Watch.
[[0;32m  OK  [0m] Reached target Local File Systems (Pre).
[[0;32m  OK  [0m] Reached target Local File Systems.
         Starting Set console font and keymap...
         Starting Commit a transient machine-id on disk...
         Starting Create Volatile Files and Directories...
         Starting Tell Plymouth To Write Out Runtime Data...
         Starting LSB: AppArmor initialization...
[[0;32m  OK  [0m] Started Create Volatile Files and Directories.
[[0;32m  OK  [0m] Started Tell Plymouth To Write Out Runtime Data.
[[0;32m  OK  [0m] Reached target System Time Synchronized.
         Starting Update UTMP about System Boot/Shutdown...
[[0;32m  OK  [0m] Started Commit a transient machine-id on disk.
[[0;32m  OK  [0m] Started Update UTMP about System Boot/Shutdown.
[   15.362144] cloud-init[447]: Cloud-init v. 0.7.9 running 'init-local' at Sun, 01 Oct 2017 12:46:56 +0000. Up 15.10 seconds.
[[0;32m  OK  [0m] Started Initial cloud-init job (pre-networking).
[[0;32m  OK  [0m] Reached target Network (Pre).
[[0;32m  OK  [0m] Found device /dev/ttyS0.
[[0;32m  OK  [0m] Found device 82540EM Gigabit Ethern...r (PRO/1000 MT Desktop Adapter).
[[0;32m  OK  [0m] Listening on Load/Save RF Kill Switch Status /dev/rfkill Watch.
[[0;32m  OK  [0m] Started LSB: AppArmor initialization.
[[0;32m  OK  [0m] Started ifup for enp0s3.
         Starting Raise network interfaces...
[[0;32m  OK  [0m] Started Set console font and keymap.
[[0;32m  OK  [0m] Created slice system-getty.slice.
[[0;32m  OK  [0m] Started Raise network interfaces.
[[0;32m  OK  [0m] Reached target Network.
         Starting Initial cloud-init job (metadata service crawler)...
[   19.523993] cloud-init[958]: Cloud-init v. 0.7.9 running 'init' at Sun, 01 Oct 2017 12:47:00 +0000. Up 19.01 seconds.
[   19.526566] cloud-init[958]: ci-info: +++++++++++++++++++++++++++++++++++++Net device info+++++++++++++++++++++++++++++++++++++
[   19.529268] cloud-init[958]: ci-info: +--------+------+---------------------------+---------------+-------+-------------------+
[   19.531848] cloud-init[958]: ci-info: | Device |  Up  |          Address          |      Mask     | Scope |     Hw-Address    |
[   19.534479] cloud-init[958]: ci-info: +--------+------+---------------------------+---------------+-------+-------------------+
[   19.537066] cloud-init[958]: ci-info: |   lo   | True |         127.0.0.1         |   255.0.0.0   |   .   |         .         |
[   19.539723] cloud-init[958]: ci-info: |   lo   | True |          ::1/128          |       .       |  host |         .         |
[   19.542437] cloud-init[958]: ci-info: | enp0s3 | True |         10.0.2.15         | 255.255.255.0 |   .   | 02:dc:25:78:06:25 |
[   19.545060] cloud-init[958]: ci-info: | enp0s3 | True | fe80::dc:25ff:fe78:625/64 |       .       |  link | 02:dc:25:78:06:25 |
[   19.547663] cloud-init[958]: ci-info: +--------+------+---------------------------+---------------+-------+-------------------+
[   19.550300] cloud-init[958]: ci-info: +++++++++++++++++++++++++++Route IPv4 info++++++++++++++++++++++++++++
[   19.552692] cloud-init[958]: ci-info: +-------+-------------+----------+---------------+-----------+-------+
[   19.554992] cloud-init[958]: ci-info: | Route | Destination | Gateway  |    Genmask    | Interface | Flags |
[   19.557323] cloud-init[958]: ci-info: +-------+-------------+----------+---------------+-----------+-------+
[   19.559573] cloud-init[958]: ci-info: |   0   |   0.0.0.0   | 10.0.2.2 |    0.0.0.0    |   enp0s3  |   UG  |
[   19.561977] cloud-init[958]: ci-info: |   1   |   10.0.2.0  | 0.0.0.0  | 255.255.255.0 |   enp0s3  |   U   |
[   19.564295] cloud-init[[0;32m  OK  [0m] Started Initial cloud-init job (metadata service crawler).
[[0;32m  OK  [0m] Reached target System Initialization.
[[0;32m  OK  [0m] Listening on ACPID Listen Socket.
[[0;32m  OK  [0m] Started Timer to automatically refresh installed snaps.
[958]: ci-info: +-------+-------------+----------+---------------+-----------+-------+
[   19.570581] [[0;32m  OK  [0m] Started ACPI Events Check.
[[0;32m  OK  [0m] Reached target Paths.
[[0;32m  OK  [0m] Started Daily Cleanup of Temporary Directories.
[[0;32m  OK  [0m] Listening on UUID daemon activation socket.
         Starting Socket activation for snappy daemon.
[[0;32m  OK  [0m] Started Timer to automatically fetch and run repair assertions.
cloud-init         Starting LXD - unix socket.
[[0;32m  OK  [0m] Listening on D-Bus System Message Bus Socket.
[[0;32m  OK  [0m] Reached target Network is Online.
[958]: Generating public/private rsa key pair.
[   19.579437] cloud-init[958]: Your identification has been saved in /etc/ssh/ssh_host_rsa_key.
[   19.581386] cloud-init[958]: Your public key has been saved in /etc/ssh/ssh_host_rsa_key.pub.
[   19.583226] cloud-init[958]: The key fingerprint is:
[   19.584597] cloud-init[958]: SHA256:IgKeRrXuFAJO3ebgJlf8IqGqnzuodK0byIvkr3ve9ZI root@ubuntu-xenial
[   19.586538] cloud-init[958]: The key's randomart image is:
[   19.587907]          Starting iSCSI initiator daemon (iscsid)...
[[0;32m  OK  [0m] Started Daily apt download activities.
[[0;32m  OK  [0m] Started Daily apt upgrade and clean activities.
[[0;32m  OK  [0m] Reached target Timers.
[[0;32m  OK  [0m] Reached target Cloud-config availability.
[[0;32m  OK  [0m] Listening on Socket activation for snappy daemon.
[[0;32m  OK  [0m] Listening on LXD - unix socket.
cloud-init[958]: +---[RSA 2048]----+
[   19.595201] cloud-init[[0;32m  OK  [0m] Reached target Sockets.
[[0;32m  OK  [0m] Reached target Basic System.
         Starting LSB: Record successful boot for GRUB...
[[0;32m  OK  [0m] Started Deferred execution scheduler.
         Starting Accounts Service...
[958]:          Starting /etc/rc.local Compatibility...
|....o            |
[   19.600996] cloud-init[958]: |+ .+.=           |
[   19.603123] cloud-init[958]: |.+oo* .          |
[   19.606964] [[0;32m  OK  [0m] Started Regular background program processing daemon.
[[0;32m  OK  [0m] Started D-Bus System Message Bus.
cloud-init[958]: |o++=.o .         |
[   19.614541] cloud-init[958]: |.+=oo o S        |
[   19.615778] cloud-init[958]: |+ +... .         |
[   19.617082] cloud-init[958]: |.* + . ..        |
[   19.619897] cloud-init[958]: |B +o+ .E.        |
[   19.621478] cloud-init[958]: |+*XB..  ..       |
[   19.623007] cloud-init[958]: +----[SHA256]-----+
[   19.624534] cloud-init[958]: Generating public/private dsa key pair.
[   19.626371] cloud-init[958]: Your identification has been saved in /etc/ssh/ssh_host_dsa_key.
[   19.628493] cloud-init[958]: Your public key has been saved in /etc/ssh/ssh_host_dsa_key.pub.
[   19.630656] cloud-init[958]: The key fingerprint is:
[   19.632196] cloud-init[958]: SHA256:VK04vp3R4ApWepQDnMRhJvFis2Nu2UixNneu2hb9Dbw root@ubuntu-xenial
[   19.634536] cloud-init[958]: The key's randomart image is:
[   19.636193] cloud-init[958]: +---[DSA 1024]----+
[   19.637733] cloud-init[958]: |    o==o  ..     |
[   19.639227] cloud-init[958]: |     ==  .  .    |
[   19.640794] cloud-init[958]: |    = ...o .     |
[   19.642190] cloud-init[958]: |   . * .B o      |
[[0;32m  OK  [0m] Started Unattended Upgrades Shutdown.
[   19.644373] cloud-init[958]: |    O .*S= o     |
[   19.645762] cloud-init[958]: |   = B=o+ = .    |
[   19.647185] cloud-init[958]: |    =..+.= *     |
[   19.648649] cloud-init[958]: |   . ...o E .    |
[   19.650467] cloud-init[958]: |    .oo          |
[   19.651851] cloud-init[958]: +----[SHA256]-----+
[   19.653215] cloud-init[958]: Generating public/private ecdsa key pair.
[   19.654803] cloud-init[958]: Your identification has been saved in /etc/ssh/ssh_host_ecdsa_key.
[   19.656737] cloud-init[958]: Your public key has been saved in /etc/ssh/ssh_host_ecdsa_key.pub.
[   19.658697] cloud-init[958]: The key fingerprint is:
[   19.660101]          Starting Login Service...
cloud-init[958]:          Starting System Logging Service...
         Starting LSB: MD monitoring daemon...
         Starting Apply the settings specified in cloud-config...
         Starting LXD - container startup/shutdown...
SHA256:wDPZdBEiUTYsFsxuH1GkEwmnb9p+TfDrGS+lEay7JOo root@ubuntu-xenial
[   19.665719] cloud-init[958]: The key's randomart image is:
[   19.667168]          Starting Snappy daemon...
cloud-init[958]: +---[ECDSA 256]---+
[[0;32m  OK  [0m] Started ACPI event daemon.
         Starting Pollinate to seed the pseudo random number generator...
[[0;32m  OK  [0m] Started FUSE filesystem for LXC.
[[0;32m  OK  [0m] Started /etc/rc.local Compatibility.
[   19.669639] cloud-init[958]: |     o=*O+*o     |
[   19.694376] cloud-init[958]: [[0;32m  OK  [0m] Started iSCSI initiator daemon (iscsid).
|     .=O+*       |
[   19.699604] cloud-init[[0;32m  OK  [0m] Started System Logging Service.
[958]: |     oB.+. .     |
[   19.705840] cloud-init[958]: |      o=... o    |
[   19.707830] cloud-init[958]: |     . .S. + .   |
[   19.712888] cloud-init[958]: |       +. . + .  |
[   19.715961] cloud-init[958]: |      . o .+.=   |
[   19.719078] cloud-init[958]: |       o oo =+   |
[   19.722217] cloud-init[958]: |     .E ...oo..  |
[   19.760348] [cloud-init[0;32m  OK  [0m[958]: ] +----[SHA256]-----+Started LSB: Record successful boot for GRUB.

[   19.760798] cloud-init[958]: Generating public/private ed25519 key pair.
[   19.875671] cloud-init[958]: Your identification has been saved in /etc/ssh/ssh_host_ed25519_key.
[   19.877510] cloud-init[958]: Your public key has been saved in /etc/ssh/ssh_host_ed25519_key.pub.
[[0;32m  OK  [0m] Started Snappy daemon.
[   19.882249] cloud-init[958]: The key fingerprint is:
[   19.885377] cloud-init[958]: SHA256:GYDT9F5tWvUiiMjI89QfusiDs1IHeGf0oc2osVkfTqE root@ubuntu-xenial
[   19.888269] cloud-init[958]: The key's randomart image is:
[   19.889820] cloud-init[958]: +--[ED25519 256]--+
[   19.891465] cloud-init[958]: |     +o       .  |
[   19.894311] cloud-init[958]: |   .ooo=o. o . . |
[   19.896102] cloud-init[958]: |   .+o+B=o+ = . .|
[   19.897919] cloud-init[958]: |  . ++E.** = . . |
[   19.899430] cloud-init[958]: |   . X.+S.o      |
[   19.900865] cloud-init[958]: |    =o..o.       |
[   19.902266] cloud-init[958]: |   .o.+ .        |
[   19.903643] cloud-init[958]: |  .  o .         |
[   19.905130] cloud-init[958]: |   ..            |
[   19.906536] cloud-init[958]: +----[SHA256]-----+
         Starting Authenticate and Authorize Users to Run Privileged Tasks...
         Starting Auto import assertions from block devices...
         Starting Login to default iSCSI targets...
[[0;32m  OK  [0m] Started LSB: MD monitoring daemon.
[[0;32m  OK  [0m] Started LXD - container startup/shutdown.
[[0;32m  OK  [0m] Started Login Service.
[[0;32m  OK  [0m] Started Auto import assertions from block devices.
[[0;32m  OK  [0m] Started Authenticate and Authorize Users to Run Privileged Tasks.
[[0;32m  OK  [0m] Started Accounts Service.
[[0;32m  OK  [0m] Started Login to default iSCSI targets.
[[0;32m  OK  [0m] Reached target Remote File Systems (Pre).
[[0;32m  OK  [0m] Reached target Remote File Systems.
         Starting LSB: daemon to balance interrupts for SMP systems...
         Starting Permit User Sessions...
         Starting LSB: Set the CPU Frequency Scaling governor to "ondemand"...
         Starting LSB: VirtualBox Linux Additions...
         Starting LSB: automatic crash report generation...
[[0;32m  OK  [0m] Started Permit User Sessions.
         Starting Hold until boot process finishes up...
         Starting Terminate Plymouth Boot Screen...
[[0;32m  OK  [0m] Started LSB: daemon to balance interrupts for SMP systems.
[[0;32m  OK  [0m] Started LSB: Set the CPU Frequency Scaling governor to "ondemand".
[[0;32m  OK  [0m] Started Hold until boot process finishes up.
[[0;32m  OK  [0m] Started Serial Getty on ttyS0.
[[0;32m  OK  [0m] Started Getty on tty1.
[[0;32m  OK  [0m] Reached target Login Prompts.
         Starting Set console scheme...
[[0;32m  OK  [0m] Started LSB: VirtualBox Linux Additions.
[[0;32m  OK  [0m] Started LSB: automatic crash report generation.
[[0;32m  OK  [0m] Started Terminate Plymouth Boot Screen.
[[0;32m  OK  [0m] Started Set console scheme.
[   20.284309] cloud-init[1077]: Generating locales (this might take a while)...
[   20.919363] cloud-init[1077]:   en_US.UTF-8... done
[[0;32m  OK  [0m] Started Pollinate to seed the pseudo random number generator.
[   20.926114] cloud-init[1077]: Generation complete.
         Starting OpenBSD Secure Shell server...
[[0;32m  OK  [0m] Started OpenBSD Secure Shell server.
[[0;32m  OK  [0m] Reached target Multi-User System.
[[0;32m  OK  [0m] Reached target Graphical Interface.
         Starting Update UTMP about System Runlevel Changes...
[[0;32m  OK  [0m] Started Update UTMP about System Runlevel Changes.
         Stopping OpenBSD Secure Shell server...
[[0;32m  OK  [0m] Stopped OpenBSD Secure Shell server.
         Starting OpenBSD Secure Shell server...
[[0;32m  OK  [0m] Started OpenBSD Secure Shell server.
[   21.250045] cloud-init[1077]: Cloud-init v. 0.7.9 running 'modules:config' at Sun, 01 Oct 2017 12:47:01 +0000. Up 20.17 seconds.
[[0;32m  OK  [0m] Started Apply the settings specified in cloud-config.
         Starting Execute cloud user/final scripts...
ci-info: no authorized ssh keys fingerprints found for user ubuntu.
<14>Oct  1 12:47:03 ec2: 
<14>Oct  1 12:47:03 ec2: #############################################################
<14>Oct  1 12:47:03 ec2: -----BEGIN SSH HOST KEY FINGERPRINTS-----
<14>Oct  1 12:47:03 ec2: 1024 SHA256:VK04vp3R4ApWepQDnMRhJvFis2Nu2UixNneu2hb9Dbw root@ubuntu-xenial (DSA)
<14>Oct  1 12:47:03 ec2: 256 SHA256:wDPZdBEiUTYsFsxuH1GkEwmnb9p+TfDrGS+lEay7JOo root@ubuntu-xenial (ECDSA)
<14>Oct  1 12:47:03 ec2: 256 SHA256:GYDT9F5tWvUiiMjI89QfusiDs1IHeGf0oc2osVkfTqE root@ubuntu-xenial (ED25519)
<14>Oct  1 12:47:03 ec2: 2048 SHA256:IgKeRrXuFAJO3ebgJlf8IqGqnzuodK0byIvkr3ve9ZI root@ubuntu-xenial (RSA)
<14>Oct  1 12:47:03 ec2: -----END SSH HOST KEY FINGERPRINTS-----
<14>Oct  1 12:47:03 ec2: #############################################################
-----BEGIN SSH HOST KEY KEYS-----
ecdsa-sha2-nistp256 AAAAE2VjZHNhLXNoYTItbmlzdHAyNTYAAAAIbmlzdHAyNTYAAABBBFfmH/P1Uh9GuVksFJO7FvgwcSOZcXOUZFBgiq4bBmSpBGkeZ5xsQvHFO+NF8H7D99z4OB5NYMUIhRhwlBHTtyo= root@ubuntu-xenial
ssh-ed25519 AAAAC3NzaC1lZDI1NTE5AAAAIHCp2iTQJwxJBzY+UObPDXrNuVS4yYVOKfFdx5CTiCHK root@ubuntu-xenial
ssh-rsa AAAAB3NzaC1yc2EAAAADAQABAAABAQDNFtAiMXRHzqXnmoW1RN8MJisdrA4kg+QoPUuzbr/xQCi8VT7RHRTbcVXNUVoSCr8ftAVtnf6Vkq2vU2BbPSEaFTmNyK8ZwaGVZe5Xq1LV9ahKkwVtn5lbcQkf3imbYkIAMJ4LMYvUPT6t14eONj2JZoPuT8ks07bd5Tj6CperIELoUG8wNgKBHVbQATBev9JhEQYQzXEbwwwa6/zDY6RN93hoy2WzH052GxOs5j5VocGprmjlFkctiqj6xR5G+CqNF8rChJYB8gjDr+cK2NDHMajyBV3Ke7R1YbqmrRrcbaS8pafZaQvRdSZPWY1kXV/HOYXEYNj/9iztBR7+AWnF root@ubuntu-xenial
-----END SSH HOST KEY KEYS-----
[   22.065038] cloud-init[1336]: Cloud-init v. 0.7.9 running 'modules:final' at Sun, 01 Oct 2017 12:47:02 +0000. Up 21.58 seconds.
[   22.084467] cloud-init[1336]: ci-info: no authorized ssh keys fingerprints found for user ubuntu.
[   22.144418] cloud-init[1336]: Cloud-init v. 0.7.9 finished at Sun, 01 Oct 2017 12:47:03 +0000. Datasource DataSourceNoCloud [seed=/dev/sdb][dsmode=net].  Up 22.05 seconds
[[0;32m  OK  [0m] Started Execute cloud user/final scripts.
[[0;32m  OK  [0m] Reached target Cloud-init target.

Ubuntu 16.04.3 LTS ubuntu-xenial ttyS0

ubuntu-xenial login: 